[10:58:36] [ServerMain/INFO]: Environment: authHost='https://authserver.mojang.com', accountsHost='https://api.mojang.com', sessionHost='https://sessionserver.mojang.com', servicesHost='https://api.minecraftservices.com', name='PROD'
[10:58:38] [ServerMain/INFO]: Loaded 7 recipes
[10:58:38] [ServerMain/INFO]: Loaded 1271 advancements
[10:58:38] [Server thread/INFO]: Starting minecraft server version 1.20.1
[10:58:38] [Server thread/INFO]: Loading properties
[10:58:38] [Server thread/INFO]: Default game type: SURVIVAL
[10:58:38] [Server thread/INFO]: Generating keypair
[10:58:39] [Server thread/INFO]: Starting Minecraft server on *:25565
[10:58:39] [Server thread/INFO]: Using epoll channel type
[10:58:39] [Server thread/WARN]: **** SERVER IS RUNNING IN OFFLINE/INSECURE MODE!
[10:58:39] [Server thread/WARN]: The server will make no attempt to authenticate usernames. Beware.
[10:58:39] [Server thread/WARN]: While this makes the game possible to play without internet access, it also opens up the ability for hackers to connect with any username they choose.
[10:58:39] [Server thread/WARN]: To change this, set "online-mode" to "true" in the server.properties file.
[10:58:39] [Server thread/INFO]: Preparing level "world"
[10:58:41] [Server thread/INFO]: Preparing start region for dimension minecraft:overworld
[10:58:44] [Worker-Main-3/INFO]: Preparing spawn area: 0%
[10:58:44] [Worker-Main-2/INFO]: Preparing spawn area: 0%
[10:58:44] [Worker-Main-1/INFO]: Preparing spawn area: 0%
[10:58:44] [Worker-Main-2/INFO]: Preparing spawn area: 0%
[10:58:44] [Worker-Main-1/INFO]: Preparing spawn area: 0%
[10:58:44] [Worker-Main-2/INFO]: Preparing spawn area: 0%
[10:58:44] [Worker-Main-3/INFO]: Preparing spawn area: 0%
[10:58:45] [Worker-Main-3/INFO]: Preparing spawn area: 58%
[10:58:45] [Server thread/INFO]: Time elapsed: 3812 ms
[10:58:45] [Server thread/INFO]: Done (6.303s)! For help, type "help"
